<?xml version="1.0" encoding="UTF-8"?>
<testng-results ignored="0" total="1" passed="1" failed="0" skipped="0">
  <reporter-output>
  </reporter-output>
  <suite started-at="2020-06-26T18:57:50 IST" name="Default suite" finished-at="2020-06-26T18:57:51 IST" duration-ms="633">
    <groups>
    </groups>
    <test started-at="2020-06-26T18:57:50 IST" name="Default test" finished-at="2020-06-26T18:57:51 IST" duration-ms="633">
      <class name="com.TestDefinitionLayer.TC002_SecurityTest">
        <test-method signature="zapSecurityTest()[pri:0, instance:com.TestDefinitionLayer.TC002_SecurityTest@20f5281c]" started-at="2020-06-26T18:57:51 IST" name="zapSecurityTest" finished-at="2020-06-26T18:57:51 IST" duration-ms="219" status="PASS">
          <reporter-output>
          </reporter-output>
        </test-method> <!-- zapSecurityTest -->
      </class> <!-- com.TestDefinitionLayer.TC002_SecurityTest -->
    </test> <!-- Default test -->
  </suite> <!-- Default suite -->
</testng-results>
